<?xml version="1.0" encoding="UTF-8"?>
<!-- Generated by org.testng.reporters.JUnitReportReporter -->
<testsuite hostname="DESKTOP-56C0EHH" failures="0" tests="2" name="com.actitime.testcases.TC1_ActitimeLoginLogout" time="13.708" errors="0" timestamp="2024-06-21T09:28:54 IST" skipped="0">
  <testcase classname="com.actitime.testcases.TC1_ActitimeLoginLogout" name="logout" time="7.459"/>
  <testcase classname="com.actitime.testcases.TC1_ActitimeLoginLogout" name="login" time="6.249"/>
</testsuite> <!-- com.actitime.testcases.TC1_ActitimeLoginLogout -->
