<?xml version="1.0" encoding="UTF-8"?>
<!-- Generated by org.testng.reporters.JUnitReportReporter -->
<testsuite hostname="DESKTOP-56C0EHH" failures="0" tests="2" name="com.actitime.testcases.TC1_ActitimeLoginLogout" time="13.620" errors="0" timestamp="2024-06-21T10:15:35 IST" skipped="0">
  <testcase classname="com.actitime.testcases.TC1_ActitimeLoginLogout" name="logout" time="7.605"/>
  <testcase classname="com.actitime.testcases.TC1_ActitimeLoginLogout" name="login" time="6.015"/>
</testsuite> <!-- com.actitime.testcases.TC1_ActitimeLoginLogout -->
